<?xml version="1.0" encoding="UTF-8"?>
<!-- Generated by org.testng.reporters.JUnitXMLReporter -->
<testsuite hostname="DESKTOP-7RM1ST6" name="Default test" tests="3" failures="0" timestamp="7 Jul 2020 13:15:12 GMT" time="39.188" errors="0">
  <testcase name="loginPageTitle" time="0.165" classname="com.crm.qa.testcases.LoginPageTest"/>
  <testcase name="loginPageTest" time="5.844" classname="com.crm.qa.testcases.LoginPageTest"/>
  <testcase name="loginTest" time="6.841" classname="com.crm.qa.testcases.LoginPageTest"/>
</testsuite> <!-- Default test -->
