<?xml version="1.0" encoding="UTF-8"?>
<testng-results skipped="0" failed="0" total="3" passed="3">
  <reporter-output>
  </reporter-output>
  <suite name="Default suite" duration-ms="39188" started-at="2020-07-07T13:14:33Z" finished-at="2020-07-07T13:15:12Z">
    <groups>
    </groups>
    <test name="Default test" duration-ms="39188" started-at="2020-07-07T13:14:33Z" finished-at="2020-07-07T13:15:12Z">
      <class name="com.crm.qa.testcases.LoginPageTest">
        <test-method status="PASS" signature="setup()[pri:0, instance:com.crm.qa.testcases.LoginPageTest@8e0379d]" name="setup" is-config="true" duration-ms="8817" started-at="2020-07-07T18:44:33Z" finished-at="2020-07-07T18:44:41Z">
          <reporter-output>
          </reporter-output>
        </test-method> <!-- setup -->
        <test-method status="PASS" signature="loginPageTitle()[pri:0, instance:com.crm.qa.testcases.LoginPageTest@8e0379d]" name="loginPageTitle" duration-ms="165" started-at="2020-07-07T18:44:41Z" finished-at="2020-07-07T18:44:42Z">
          <reporter-output>
          </reporter-output>
        </test-method> <!-- loginPageTitle -->
        <test-method status="PASS" signature="setup()[pri:0, instance:com.crm.qa.testcases.LoginPageTest@8e0379d]" name="setup" is-config="true" duration-ms="9133" started-at="2020-07-07T18:44:42Z" finished-at="2020-07-07T18:44:51Z">
          <reporter-output>
          </reporter-output>
        </test-method> <!-- setup -->
        <test-method status="PASS" signature="loginPageTest()[pri:0, instance:com.crm.qa.testcases.LoginPageTest@8e0379d]" name="loginPageTest" duration-ms="5844" started-at="2020-07-07T18:44:51Z" finished-at="2020-07-07T18:44:57Z">
          <reporter-output>
          </reporter-output>
        </test-method> <!-- loginPageTest -->
        <test-method status="PASS" signature="setup()[pri:0, instance:com.crm.qa.testcases.LoginPageTest@8e0379d]" name="setup" is-config="true" duration-ms="8373" started-at="2020-07-07T18:44:57Z" finished-at="2020-07-07T18:45:05Z">
          <reporter-output>
          </reporter-output>
        </test-method> <!-- setup -->
        <test-method status="PASS" signature="loginTest()[pri:0, instance:com.crm.qa.testcases.LoginPageTest@8e0379d]" name="loginTest" duration-ms="6841" started-at="2020-07-07T18:45:05Z" finished-at="2020-07-07T18:45:12Z">
          <reporter-output>
          </reporter-output>
        </test-method> <!-- loginTest -->
      </class> <!-- com.crm.qa.testcases.LoginPageTest -->
    </test> <!-- Default test -->
  </suite> <!-- Default suite -->
</testng-results>
